<?xml version="1.0" encoding="UTF-8"?>
<testng-results ignored="0" total="1" passed="1" failed="0" skipped="0">
  <reporter-output>
  </reporter-output>
  <suite started-at="2026-01-21T14:28:34 IST" name="Default suite" finished-at="2026-01-21T14:28:41 IST" duration-ms="6446">
    <groups>
    </groups>
    <test started-at="2026-01-21T14:28:34 IST" name="Default test" finished-at="2026-01-21T14:28:41 IST" duration-ms="6446">
      <class name="runfile.NewTest1">
        <test-method signature="f2()[pri:0, instance:runfile.NewTest1@54c62d71]" started-at="2026-01-21T14:28:34 IST" name="f2" finished-at="2026-01-21T14:28:41 IST" duration-ms="6418" status="PASS">
          <reporter-output>
          </reporter-output>
        </test-method> <!-- f2 -->
      </class> <!-- runfile.NewTest1 -->
    </test> <!-- Default test -->
  </suite> <!-- Default suite -->
</testng-results>
