<?xml version="1.0" encoding="UTF-8"?>
<testng-results ignored="0" total="3" passed="3" failed="0" skipped="0">
  <reporter-output>
  </reporter-output>
  <suite started-at="2026-01-15T12:27:53 IST" name="Suite" finished-at="2026-01-15T12:27:53 IST" duration-ms="50">
    <groups>
    </groups>
    <test started-at="2026-01-15T12:27:53 IST" name="Test" finished-at="2026-01-15T12:27:53 IST" duration-ms="50">
      <class name="test1.NewTest1">
        <test-method signature="atest3()[pri:0, instance:test1.NewTest1@6572421]" started-at="2026-01-15T12:27:53 IST" name="atest3" finished-at="2026-01-15T12:27:53 IST" duration-ms="9" status="PASS">
          <reporter-output>
          </reporter-output>
        </test-method> <!-- atest3 -->
        <test-method signature="test2()[pri:0, instance:test1.NewTest1@6572421]" started-at="2026-01-15T12:27:53 IST" name="test2" finished-at="2026-01-15T12:27:53 IST" duration-ms="2" status="PASS">
          <reporter-output>
          </reporter-output>
        </test-method> <!-- test2 -->
        <test-method signature="test1()[pri:0, instance:test1.NewTest1@6572421]" started-at="2026-01-15T12:27:53 IST" name="test1" finished-at="2026-01-15T12:27:53 IST" depends-on-methods="test1.NewTest1.test2, test1.NewTest1.atest3" duration-ms="1" status="PASS">
          <reporter-output>
          </reporter-output>
        </test-method> <!-- test1 -->
      </class> <!-- test1.NewTest1 -->
    </test> <!-- Test -->
  </suite> <!-- Suite -->
</testng-results>
