<?xml version="1.0" encoding="UTF-8"?>
<!-- Generated by org.testng.reporters.JUnitReportReporter -->
<testsuite hostname="TMPPUN05GTR1610" failures="0" tests="4" name="com.run.lib.NewTestlib" time="0.865" errors="0" timestamp="2026-01-16T17:15:59 IST" skipped="0">
  <testcase classname="com.run.lib.NewTestlib" name="Maximum" time="0.050"/>
  <testcase classname="com.run.lib.NewTestlib" name="del" time="0.010"/>
  <testcase classname="com.run.lib.NewTestlib" name="InvokeApp_Awesome" time="0.795"/>
  <testcase classname="com.run.lib.NewTestlib" name="Fetch" time="0.010"/>
</testsuite> <!-- com.run.lib.NewTestlib -->
