<?xml version="1.0" encoding="UTF-8"?>
<testng-results ignored="0" total="1" passed="1" failed="0" skipped="0">
  <reporter-output>
  </reporter-output>
  <suite started-at="2026-01-23T12:28:50 IST" name="Default suite" finished-at="2026-01-23T12:28:53 IST" duration-ms="2602">
    <groups>
    </groups>
    <test started-at="2026-01-23T12:28:50 IST" name="Default test" finished-at="2026-01-23T12:28:53 IST" duration-ms="2602">
      <class name="library.ApiTesting">
        <test-method signature="postD()[pri:0, instance:library.ApiTesting@34a875b3]" started-at="2026-01-23T12:28:50 IST" name="postD" finished-at="2026-01-23T12:28:53 IST" duration-ms="2576" status="PASS">
          <reporter-output>
          </reporter-output>
        </test-method> <!-- postD -->
      </class> <!-- library.ApiTesting -->
    </test> <!-- Default test -->
  </suite> <!-- Default suite -->
</testng-results>
