<?xml version="1.0" encoding="UTF-8"?>
<testng-results ignored="0" total="1" passed="1" failed="0" skipped="0">
  <reporter-output>
  </reporter-output>
  <suite started-at="2026-01-17T15:40:49 IST" name="Default suite" finished-at="2026-01-17T15:40:53 IST" duration-ms="4170">
    <groups>
    </groups>
    <test started-at="2026-01-17T15:40:49 IST" name="Default test" finished-at="2026-01-17T15:40:53 IST" duration-ms="4170">
      <class name="librun.lib1run">
        <test-method signature="CountLink()[pri:1, instance:librun.lib1run@7ca33c24]" started-at="2026-01-17T15:40:49 IST" name="CountLink" finished-at="2026-01-17T15:40:53 IST" duration-ms="4139" status="PASS">
          <reporter-output>
          </reporter-output>
        </test-method> <!-- CountLink -->
      </class> <!-- librun.lib1run -->
    </test> <!-- Default test -->
  </suite> <!-- Default suite -->
</testng-results>
