<?xml version="1.0" encoding="UTF-8"?>
<testng-results ignored="0" total="1" passed="1" failed="0" skipped="0">
  <reporter-output>
  </reporter-output>
  <suite started-at="2026-01-20T12:42:54 IST" name="Default suite" finished-at="2026-01-20T12:42:55 IST" duration-ms="703">
    <groups>
    </groups>
    <test started-at="2026-01-20T12:42:54 IST" name="Default test" finished-at="2026-01-20T12:42:55 IST" duration-ms="703">
      <class name="librun.NewTestlibday2">
        <test-method signature="f()[pri:0, instance:librun.NewTestlibday2@7ca33c24]" started-at="2026-01-20T12:42:54 IST" name="f" finished-at="2026-01-20T12:42:55 IST" duration-ms="681" status="PASS">
          <reporter-output>
          </reporter-output>
        </test-method> <!-- f -->
      </class> <!-- librun.NewTestlibday2 -->
    </test> <!-- Default test -->
  </suite> <!-- Default suite -->
</testng-results>
