<?xml version="1.0" encoding="UTF-8"?>
<testng-results ignored="0" total="2" passed="2" failed="0" skipped="0">
  <reporter-output>
  </reporter-output>
  <suite started-at="2026-01-24T14:55:11 IST" name="Default suite" finished-at="2026-01-24T14:55:11 IST" duration-ms="488">
    <groups>
      <group name="cucumber">
        <method signature="AbstractTestNGCucumberTests.runScenario(io.cucumber.testng.PickleWrapper,io.cucumber.testng.FeatureWrapper)[pri:0, instance:Stepdefination.FeatureTest@3a93b025]" name="runScenario" class="io.cucumber.testng.AbstractTestNGCucumberTests"/>
      </group> <!-- cucumber -->
    </groups>
    <test started-at="2026-01-24T14:55:11 IST" name="Default test" finished-at="2026-01-24T14:55:11 IST" duration-ms="488">
      <class name="Stepdefination.FeatureTest">
        <test-method is-config="true" signature="setUpClass()[pri:0, instance:Stepdefination.FeatureTest@3a93b025]" started-at="2026-01-24T14:55:11 IST" name="setUpClass" finished-at="2026-01-24T14:55:11 IST" duration-ms="281" status="PASS">
          <reporter-output>
          </reporter-output>
        </test-method> <!-- setUpClass -->
        <test-method signature="runScenario(io.cucumber.testng.PickleWrapper,io.cucumber.testng.FeatureWrapper)[pri:0, instance:Stepdefination.FeatureTest@3a93b025]" started-at="2026-01-24T14:55:11 IST" name="runScenario" description="Runs Cucumber Scenarios" data-provider="scenarios" finished-at="2026-01-24T14:55:11 IST" duration-ms="108" status="PASS">
          <params>
            <param index="0">
              <value>
                <![CDATA["To check i can perform addition"]]>
              </value>
            </param>
            <param index="1">
              <value>
                <![CDATA["Optional[To test the basic calculator]"]]>
              </value>
            </param>
          </params>
          <reporter-output>
          </reporter-output>
        </test-method> <!-- runScenario -->
        <test-method signature="f()[pri:0, instance:Stepdefination.FeatureTest@3a93b025]" started-at="2026-01-24T14:55:11 IST" name="f" finished-at="2026-01-24T14:55:11 IST" duration-ms="1" status="PASS">
          <reporter-output>
          </reporter-output>
        </test-method> <!-- f -->
        <test-method is-config="true" signature="tearDownClass()[pri:0, instance:Stepdefination.FeatureTest@3a93b025]" started-at="2026-01-24T14:55:11 IST" name="tearDownClass" finished-at="2026-01-24T14:55:11 IST" duration-ms="68" status="PASS">
          <reporter-output>
          </reporter-output>
        </test-method> <!-- tearDownClass -->
      </class> <!-- Stepdefination.FeatureTest -->
    </test> <!-- Default test -->
  </suite> <!-- Default suite -->
</testng-results>
