<?xml version="1.0" encoding="UTF-8"?>
<!-- Generated by org.testng.reporters.JUnitReportReporter -->
<testsuite hostname="TMPPUN05GTR1610" failures="0" tests="5" name="RunnerPackage.FeatureTest2" time="0.159" errors="0" timestamp="2026-01-27T12:35:57 IST" skipped="0">
  <testcase classname="RunnerPackage.FeatureTest2" name="runScenario" time="0.125"/>
  <system-out/>
  <testcase classname="RunnerPackage.FeatureTest2" name="runScenario" time="0.008"/>
  <system-out/>
  <testcase classname="RunnerPackage.FeatureTest2" name="f" time="0.001"/>
  <system-out/>
  <testcase classname="RunnerPackage.FeatureTest2" name="runScenario" time="0.014"/>
  <system-out/>
  <testcase classname="RunnerPackage.FeatureTest2" name="runScenario" time="0.011"/>
  <system-out/>
</testsuite> <!-- RunnerPackage.FeatureTest2 -->
