<?xml version="1.0" encoding="UTF-8"?>
<!-- Generated by org.testng.reporters.JUnitReportReporter -->
<testsuite hostname="TMPPUN05GTR1610" failures="0" tests="2" name="Stepdefination.FeatureTest" time="0.122" errors="0" timestamp="2026-01-27T10:20:39 IST" skipped="0">
  <testcase classname="Stepdefination.FeatureTest" name="runScenario" time="0.120"/>
  <system-out/>
  <testcase classname="Stepdefination.FeatureTest" name="f" time="0.002"/>
  <system-out/>
</testsuite> <!-- Stepdefination.FeatureTest -->
