<?xml version="1.0" encoding="UTF-8"?>
<!-- Generated by org.testng.reporters.JUnitReportReporter -->
<testsuite hostname="TMPPUN05GTR1610" failures="0" tests="3" name="test12.FeatureTest2" time="0.141" errors="0" timestamp="2026-01-27T12:02:08 IST" skipped="0">
  <testcase classname="test12.FeatureTest2" name="f" time="0.001"/>
  <system-out/>
  <testcase classname="test12.FeatureTest2" name="runScenario" time="0.015"/>
  <system-out/>
  <testcase classname="test12.FeatureTest2" name="runScenario" time="0.125"/>
  <system-out/>
</testsuite> <!-- test12.FeatureTest2 -->
