<?xml version="1.0" encoding="UTF-8"?>
<testng-results ignored="0" total="1" passed="1" failed="0" skipped="0">
  <reporter-output>
  </reporter-output>
  <suite started-at="2026-01-16T17:31:08 IST" name="Default suite" finished-at="2026-01-16T17:31:09 IST" duration-ms="814">
    <groups>
    </groups>
    <test started-at="2026-01-16T17:31:08 IST" name="Default test" finished-at="2026-01-16T17:31:09 IST" duration-ms="814">
      <class name="com.run.lib.backnav">
        <test-method signature="NavbackTest()[pri:1, instance:com.run.lib.backnav@fade1fc]" started-at="2026-01-16T17:31:08 IST" name="NavbackTest" finished-at="2026-01-16T17:31:09 IST" duration-ms="779" status="PASS">
          <reporter-output>
          </reporter-output>
        </test-method> <!-- NavbackTest -->
      </class> <!-- com.run.lib.backnav -->
    </test> <!-- Default test -->
  </suite> <!-- Default suite -->
</testng-results>
